C:\OTHERS\FCIS WORK\ASSEMBLY 2012\ASSEMBLY\LABS\LAB2\ADD & SUB\DEBUG\PROJECT.ILK
C:\OTHERS\FCIS WORK\ASSEMBLY 2012\ASSEMBLY\LABS\LAB2\ADD & SUB\DEBUG\PROJECT.EXE
C:\OTHERS\FCIS WORK\ASSEMBLY 2012\ASSEMBLY\LABS\LAB2\ADD & SUB\DEBUG\PROJECT.EXE.INTERMEDIATE.MANIFEST
C:\OTHERS\FCIS WORK\ASSEMBLY 2012\ASSEMBLY\LABS\LAB2\ADD & SUB\DEBUG\PROJECT.PDB
C:\OTHERS\FCIS WORK\ASSEMBLY 2012\ASSEMBLY\LABS\LAB2\ASSEMBLY LAB 2 MATERIALS\IRVINE\PROJECT_TEMPLATE\DEBUG\PROJECT.ILK
C:\OTHERS\FCIS WORK\ASSEMBLY 2012\ASSEMBLY\LABS\LAB2\ASSEMBLY LAB 2 MATERIALS\IRVINE\PROJECT_TEMPLATE\DEBUG\PROJECT.EXE
C:\OTHERS\FCIS WORK\ASSEMBLY 2012\ASSEMBLY\LABS\LAB2\ASSEMBLY LAB 2 MATERIALS\IRVINE\PROJECT_TEMPLATE\DEBUG\PROJECT.EXE.INTERMEDIATE.MANIFEST
C:\OTHERS\FCIS WORK\ASSEMBLY 2012\ASSEMBLY\LABS\LAB2\ASSEMBLY LAB 2 MATERIALS\IRVINE\PROJECT_TEMPLATE\DEBUG\PROJECT.PDB
C:\OTHERS\FCIS WORK\ASSEMBLY 2012\ASSEMBLY\LABS\LAB 2\ASSEMBLY LAB 2 MATERIALS\IRVINE2\PROJECT_TEMPLATE\DEBUG\PROJECT.ILK
C:\OTHERS\FCIS WORK\ASSEMBLY 2012\ASSEMBLY\LABS\LAB 2\ASSEMBLY LAB 2 MATERIALS\IRVINE2\PROJECT_TEMPLATE\DEBUG\PROJECT.EXE
C:\OTHERS\FCIS WORK\ASSEMBLY 2012\ASSEMBLY\LABS\LAB 2\ASSEMBLY LAB 2 MATERIALS\IRVINE2\PROJECT_TEMPLATE\DEBUG\PROJECT.EXE.INTERMEDIATE.MANIFEST
C:\OTHERS\FCIS WORK\ASSEMBLY 2012\ASSEMBLY\LABS\LAB 2\ASSEMBLY LAB 2 MATERIALS\IRVINE2\PROJECT_TEMPLATE\DEBUG\PROJECT.PDB
C:\Others\FCIS work\Assembly 2012\Assembly\Labs\Lab2\Add & Sub\Debug\main.obj
C:\Others\FCIS work\Assembly 2012\Assembly\Labs\Lab 2\Assembly Lab 2 materials\Irvine2\Project_Template\Debug\main.obj
C:\Users\Hanan\Dropbox\Assembly Language 2014\Labs\Irvine\Irvine\Project_Template\Debug\main.obj
C:\Users\Hanan\Dropbox\Assembly Language 2014\Labs\Irvine\Irvine\Project_Template\Debug\link.command.1.tlog
C:\Users\Hanan\Dropbox\Assembly Language 2014\Labs\Irvine\Irvine\Project_Template\Debug\link.read.1.tlog
C:\Users\Hanan\Dropbox\Assembly Language 2014\Labs\Irvine\Irvine\Project_Template\Debug\link.write.1.tlog
C:\Users\Hanan\Dropbox\Assembly Language 2014\Labs\Irvine\Irvine\Project_Template\Debug\mt.command.1.tlog
C:\Users\Hanan\Dropbox\Assembly Language 2014\Labs\Irvine\Irvine\Project_Template\Debug\mt.read.1.tlog
C:\Users\Hanan\Dropbox\Assembly Language 2014\Labs\Irvine\Irvine\Project_Template\Debug\mt.write.1.tlog
C:\Users\Hanan\Dropbox\Assembly Language 2014\Labs\Irvine\Irvine\Project_Template\Debug\Project.write.1.tlog
C:\Users\Hanan\Dropbox\Assembly Language 2014\Labs\Irvine\Irvine\Project_Template\Debug\Project.exe.intermediate.manifest
C:\Users\Hanan\Dropbox\Assembly Language 2014\Labs\Irvine\Irvine\Project_Template\Debug\Project.pdb
